<?xml version="1.0" encoding="UTF-8"?>
<coverage generated="1755316241792" clover="3.2.0">
  <project timestamp="1755316241793" name="All files">
    <metrics statements="68" coveredstatements="68" conditionals="17" coveredconditionals="16" methods="3" coveredmethods="3" elements="88" coveredelements="87" complexity="0" loc="68" ncloc="68" packages="1" files="1" classes="1"/>
    <file name="pdf2Img.ts" path="D:\app_storage\source\vscode\ai-resume-analyser\app\lib\pdf2Img.ts">
      <metrics statements="68" coveredstatements="68" conditionals="17" coveredconditionals="16" methods="3" coveredmethods="3"/>
      <line num="7" count="1" type="stmt"/>
      <line num="8" count="1" type="stmt"/>
      <line num="9" count="1" type="stmt"/>
      <line num="11" count="21" type="cond" truecount="1" falsecount="0"/>
      <line num="12" count="21" type="cond" truecount="2" falsecount="0"/>
      <line num="13" count="21" type="cond" truecount="1" falsecount="1"/>
      <line num="15" count="1" type="stmt"/>
      <line num="17" count="1" type="cond" truecount="1" falsecount="0"/>
      <line num="19" count="1" type="stmt"/>
      <line num="20" count="1" type="stmt"/>
      <line num="21" count="1" type="stmt"/>
      <line num="22" count="1" type="stmt"/>
      <line num="23" count="1" type="stmt"/>
      <line num="24" count="1" type="stmt"/>
      <line num="25" count="1" type="stmt"/>
      <line num="26" count="1" type="stmt"/>
      <line num="28" count="1" type="stmt"/>
      <line num="29" count="1" type="stmt"/>
      <line num="31" count="21" type="cond" truecount="1" falsecount="0"/>
      <line num="32" count="21" type="stmt"/>
      <line num="33" count="21" type="stmt"/>
      <line num="34" count="21" type="stmt"/>
      <line num="35" count="21" type="stmt"/>
      <line num="37" count="21" type="cond" truecount="1" falsecount="0"/>
      <line num="38" count="20" type="cond" truecount="1" falsecount="0"/>
      <line num="39" count="19" type="stmt"/>
      <line num="41" count="19" type="stmt"/>
      <line num="42" count="19" type="stmt"/>
      <line num="43" count="19" type="stmt"/>
      <line num="45" count="19" type="stmt"/>
      <line num="46" count="19" type="stmt"/>
      <line num="48" count="21" type="cond" truecount="1" falsecount="0"/>
      <line num="49" count="18" type="stmt"/>
      <line num="50" count="18" type="stmt"/>
      <line num="51" count="18" type="cond" truecount="1" falsecount="0"/>
      <line num="53" count="19" type="cond" truecount="1" falsecount="0"/>
      <line num="55" count="18" type="cond" truecount="1" falsecount="0"/>
      <line num="56" count="18" type="stmt"/>
      <line num="57" count="18" type="cond" truecount="1" falsecount="0"/>
      <line num="58" count="18" type="cond" truecount="1" falsecount="0"/>
      <line num="60" count="17" type="stmt"/>
      <line num="61" count="17" type="stmt"/>
      <line num="62" count="17" type="stmt"/>
      <line num="63" count="17" type="stmt"/>
      <line num="65" count="17" type="stmt"/>
      <line num="66" count="17" type="stmt"/>
      <line num="67" count="17" type="stmt"/>
      <line num="68" count="17" type="stmt"/>
      <line num="69" count="18" type="cond" truecount="1" falsecount="0"/>
      <line num="70" count="1" type="stmt"/>
      <line num="71" count="1" type="stmt"/>
      <line num="72" count="1" type="stmt"/>
      <line num="73" count="1" type="stmt"/>
      <line num="74" count="1" type="stmt"/>
      <line num="75" count="1" type="stmt"/>
      <line num="76" count="18" type="stmt"/>
      <line num="77" count="18" type="stmt"/>
      <line num="78" count="18" type="stmt"/>
      <line num="79" count="18" type="stmt"/>
      <line num="80" count="18" type="stmt"/>
      <line num="81" count="21" type="cond" truecount="1" falsecount="0"/>
      <line num="82" count="3" type="stmt"/>
      <line num="83" count="3" type="stmt"/>
      <line num="84" count="3" type="stmt"/>
      <line num="85" count="3" type="stmt"/>
      <line num="86" count="3" type="stmt"/>
      <line num="87" count="3" type="stmt"/>
      <line num="88" count="21" type="stmt"/>
    </file>
  </project>
</coverage>
