{"D:\\app_storage\\source\\vscode\\ai-resume-analyser\\app\\lib\\pdf2Img.ts": {"path":"D:\\app_storage\\source\\vscode\\ai-resume-analyser\\app\\lib\\pdf2Img.ts","all":false,"statementMap":{"6":{"start":{"line":7,"column":0},"end":{"line":7,"column":25}},"7":{"start":{"line":8,"column":0},"end":{"line":8,"column":22}},"8":{"start":{"line":9,"column":0},"end":{"line":9,"column":44}},"10":{"start":{"line":11,"column":0},"end":{"line":11,"column":42}},"11":{"start":{"line":12,"column":0},"end":{"line":12,"column":34}},"12":{"start":{"line":13,"column":0},"end":{"line":13,"column":40}},"14":{"start":{"line":15,"column":0},"end":{"line":15,"column":21}},"16":{"start":{"line":17,"column":0},"end":{"line":17,"column":68}},"18":{"start":{"line":19,"column":0},"end":{"line":19,"column":52}},"19":{"start":{"line":20,"column":0},"end":{"line":20,"column":50}},"20":{"start":{"line":21,"column":0},"end":{"line":21,"column":27}},"21":{"start":{"line":22,"column":0},"end":{"line":22,"column":21}},"22":{"start":{"line":23,"column":0},"end":{"line":23,"column":23}},"23":{"start":{"line":24,"column":0},"end":{"line":24,"column":26}},"24":{"start":{"line":25,"column":0},"end":{"line":25,"column":19}},"25":{"start":{"line":26,"column":0},"end":{"line":26,"column":7}},"27":{"start":{"line":28,"column":0},"end":{"line":28,"column":23}},"28":{"start":{"line":29,"column":0},"end":{"line":29,"column":1}},"30":{"start":{"line":31,"column":0},"end":{"line":31,"column":40}},"31":{"start":{"line":32,"column":0},"end":{"line":32,"column":14}},"32":{"start":{"line":33,"column":0},"end":{"line":33,"column":33}},"33":{"start":{"line":34,"column":0},"end":{"line":34,"column":9}},"34":{"start":{"line":35,"column":0},"end":{"line":35,"column":38}},"36":{"start":{"line":37,"column":0},"end":{"line":37,"column":53}},"37":{"start":{"line":38,"column":0},"end":{"line":38,"column":73}},"38":{"start":{"line":39,"column":0},"end":{"line":39,"column":42}},"40":{"start":{"line":41,"column":0},"end":{"line":41,"column":56}},"41":{"start":{"line":42,"column":0},"end":{"line":42,"column":56}},"42":{"start":{"line":43,"column":0},"end":{"line":43,"column":48}},"44":{"start":{"line":45,"column":0},"end":{"line":45,"column":38}},"45":{"start":{"line":46,"column":0},"end":{"line":46,"column":40}},"47":{"start":{"line":48,"column":0},"end":{"line":48,"column":22}},"48":{"start":{"line":49,"column":0},"end":{"line":49,"column":49}},"49":{"start":{"line":50,"column":0},"end":{"line":50,"column":51}},"50":{"start":{"line":51,"column":0},"end":{"line":51,"column":9}},"52":{"start":{"line":53,"column":0},"end":{"line":53,"column":73}},"54":{"start":{"line":55,"column":0},"end":{"line":55,"column":41}},"55":{"start":{"line":56,"column":0},"end":{"line":56,"column":26}},"56":{"start":{"line":57,"column":0},"end":{"line":57,"column":27}},"57":{"start":{"line":58,"column":0},"end":{"line":58,"column":31}},"59":{"start":{"line":60,"column":0},"end":{"line":60,"column":78}},"60":{"start":{"line":61,"column":0},"end":{"line":61,"column":83}},"61":{"start":{"line":62,"column":0},"end":{"line":62,"column":46}},"62":{"start":{"line":63,"column":0},"end":{"line":63,"column":27}},"64":{"start":{"line":65,"column":0},"end":{"line":65,"column":33}},"65":{"start":{"line":66,"column":0},"end":{"line":66,"column":64}},"66":{"start":{"line":67,"column":0},"end":{"line":67,"column":44}},"67":{"start":{"line":68,"column":0},"end":{"line":68,"column":27}},"68":{"start":{"line":69,"column":0},"end":{"line":69,"column":28}},"69":{"start":{"line":70,"column":0},"end":{"line":70,"column":33}},"70":{"start":{"line":71,"column":0},"end":{"line":71,"column":41}},"71":{"start":{"line":72,"column":0},"end":{"line":72,"column":39}},"72":{"start":{"line":73,"column":0},"end":{"line":73,"column":65}},"73":{"start":{"line":74,"column":0},"end":{"line":74,"column":27}},"74":{"start":{"line":75,"column":0},"end":{"line":75,"column":21}},"75":{"start":{"line":76,"column":0},"end":{"line":76,"column":18}},"76":{"start":{"line":77,"column":0},"end":{"line":77,"column":28}},"77":{"start":{"line":78,"column":0},"end":{"line":78,"column":19}},"78":{"start":{"line":79,"column":0},"end":{"line":79,"column":46}},"79":{"start":{"line":80,"column":0},"end":{"line":80,"column":11}},"80":{"start":{"line":81,"column":0},"end":{"line":81,"column":19}},"81":{"start":{"line":82,"column":0},"end":{"line":82,"column":16}},"82":{"start":{"line":83,"column":0},"end":{"line":83,"column":25}},"83":{"start":{"line":84,"column":0},"end":{"line":84,"column":23}},"84":{"start":{"line":85,"column":0},"end":{"line":85,"column":51}},"85":{"start":{"line":86,"column":0},"end":{"line":86,"column":10}},"86":{"start":{"line":87,"column":0},"end":{"line":87,"column":5}},"87":{"start":{"line":88,"column":0},"end":{"line":88,"column":1}}},"s":{"6":1,"7":1,"8":1,"10":21,"11":21,"12":21,"14":1,"16":1,"18":1,"19":1,"20":1,"21":1,"22":1,"23":1,"24":1,"25":1,"27":1,"28":1,"30":21,"31":21,"32":21,"33":21,"34":21,"36":21,"37":20,"38":19,"40":19,"41":19,"42":19,"44":19,"45":19,"47":21,"48":18,"49":18,"50":18,"52":19,"54":18,"55":18,"56":18,"57":18,"59":17,"60":17,"61":17,"62":17,"64":17,"65":17,"66":17,"67":17,"68":18,"69":1,"70":1,"71":1,"72":1,"73":1,"74":1,"75":18,"76":18,"77":18,"78":18,"79":18,"80":21,"81":3,"82":3,"83":3,"84":3,"85":3,"86":3,"87":21},"branchMap":{"0":{"type":"branch","line":11,"loc":{"start":{"line":11,"column":0},"end":{"line":29,"column":1}},"locations":[{"start":{"line":11,"column":0},"end":{"line":29,"column":1}}]},"1":{"type":"branch","line":12,"loc":{"start":{"line":12,"column":18},"end":{"line":12,"column":34}},"locations":[{"start":{"line":12,"column":18},"end":{"line":12,"column":34}}]},"2":{"type":"branch","line":12,"loc":{"start":{"line":12,"column":25},"end":{"line":13,"column":28}},"locations":[{"start":{"line":12,"column":25},"end":{"line":13,"column":28}}]},"3":{"type":"branch","line":13,"loc":{"start":{"line":13,"column":21},"end":{"line":13,"column":40}},"locations":[{"start":{"line":13,"column":21},"end":{"line":13,"column":40}}]},"4":{"type":"branch","line":13,"loc":{"start":{"line":13,"column":28},"end":{"line":29,"column":1}},"locations":[{"start":{"line":13,"column":28},"end":{"line":29,"column":1}}]},"5":{"type":"branch","line":17,"loc":{"start":{"line":17,"column":58},"end":{"line":26,"column":5}},"locations":[{"start":{"line":17,"column":58},"end":{"line":26,"column":5}}]},"6":{"type":"branch","line":31,"loc":{"start":{"line":31,"column":0},"end":{"line":88,"column":1}},"locations":[{"start":{"line":31,"column":0},"end":{"line":88,"column":1}}]},"7":{"type":"branch","line":37,"loc":{"start":{"line":37,"column":51},"end":{"line":38,"column":73}},"locations":[{"start":{"line":37,"column":51},"end":{"line":38,"column":73}}]},"8":{"type":"branch","line":38,"loc":{"start":{"line":38,"column":65},"end":{"line":48,"column":21}},"locations":[{"start":{"line":38,"column":65},"end":{"line":48,"column":21}}]},"9":{"type":"branch","line":48,"loc":{"start":{"line":48,"column":21},"end":{"line":51,"column":9}},"locations":[{"start":{"line":48,"column":21},"end":{"line":51,"column":9}}]},"10":{"type":"branch","line":51,"loc":{"start":{"line":51,"column":8},"end":{"line":53,"column":73}},"locations":[{"start":{"line":51,"column":8},"end":{"line":53,"column":73}}]},"11":{"type":"branch","line":53,"loc":{"start":{"line":53,"column":65},"end":{"line":81,"column":13}},"locations":[{"start":{"line":53,"column":65},"end":{"line":81,"column":13}}]},"12":{"type":"branch","line":81,"loc":{"start":{"line":81,"column":4},"end":{"line":87,"column":5}},"locations":[{"start":{"line":81,"column":4},"end":{"line":87,"column":5}}]},"13":{"type":"branch","line":55,"loc":{"start":{"line":55,"column":27},"end":{"line":80,"column":9}},"locations":[{"start":{"line":55,"column":27},"end":{"line":80,"column":9}}]},"14":{"type":"branch","line":57,"loc":{"start":{"line":57,"column":16},"end":{"line":76,"column":18}},"locations":[{"start":{"line":57,"column":16},"end":{"line":76,"column":18}}]},"15":{"type":"branch","line":58,"loc":{"start":{"line":58,"column":30},"end":{"line":69,"column":27}},"locations":[{"start":{"line":58,"column":30},"end":{"line":69,"column":27}}]},"16":{"type":"branch","line":69,"loc":{"start":{"line":69,"column":20},"end":{"line":75,"column":21}},"locations":[{"start":{"line":69,"column":20},"end":{"line":75,"column":21}}]}},"b":{"0":[21],"1":[20],"2":[1],"3":[0],"4":[1],"5":[1],"6":[21],"7":[20],"8":[19],"9":[18],"10":[19],"11":[18],"12":[3],"13":[18],"14":[18],"15":[17],"16":[1]},"fnMap":{"0":{"name":"loadPdfJs","decl":{"start":{"line":11,"column":0},"end":{"line":29,"column":1}},"loc":{"start":{"line":11,"column":0},"end":{"line":29,"column":1}},"line":11},"1":{"name":"convertPdfToImage","decl":{"start":{"line":31,"column":0},"end":{"line":88,"column":1}},"loc":{"start":{"line":31,"column":0},"end":{"line":88,"column":1}},"line":31},"2":{"name":"imageUrl","decl":{"start":{"line":55,"column":27},"end":{"line":80,"column":9}},"loc":{"start":{"line":55,"column":27},"end":{"line":80,"column":9}},"line":55}},"f":{"0":21,"1":21,"2":18}}
}
